This is pdfTeX, Version 3.141592653-2.6-1.40.23 (TeX Live 2021/W32TeX) (preloaded format=pdflatex 2021.9.5)  18 OCT 2021 22:20
entering extended mode
 restricted \write18 enabled.
 %&-line parsing enabled.
**output2.tex
(./output2.tex
LaTeX2e <2021-06-01> patch level 1
L3 programming layer <2021-08-27>
(c:/Users/keyserf/AppData/Roaming/TinyTeX/texmf-dist/tex/latex/base/article.cls
Document Class: article 2021/02/12 v1.4n Standard LaTeX document class
(c:/Users/keyserf/AppData/Roaming/TinyTeX/texmf-dist/tex/latex/base/size10.clo
File: size10.clo 2021/02/12 v1.4n Standard LaTeX file (size option)
)
\c@part=\count182
\c@section=\count183
\c@subsection=\count184
\c@subsubsection=\count185
\c@paragraph=\count186
\c@subparagraph=\count187
\c@figure=\count188
\c@table=\count189
\abovecaptionskip=\skip47
\belowcaptionskip=\skip48
\bibindent=\dimen138
)
(c:/Users/keyserf/AppData/Roaming/TinyTeX/texmf-dist/tex/latex/amsmath/amsmath.
sty
Package: amsmath 2021/04/20 v2.17j AMS math features
\@mathmargin=\skip49
For additional information on amsmath, use the `?' option.

(c:/Users/keyserf/AppData/Roaming/TinyTeX/texmf-dist/tex/latex/amsmath/amstext.
sty
Package: amstext 2000/06/29 v2.01 AMS text

(c:/Users/keyserf/AppData/Roaming/TinyTeX/texmf-dist/tex/latex/amsmath/amsgen.s
ty
File: amsgen.sty 1999/11/30 v2.0 generic functions
\@emptytoks=\toks16
\ex@=\dimen139
))
(c:/Users/keyserf/AppData/Roaming/TinyTeX/texmf-dist/tex/latex/amsmath/amsbsy.s
ty
Package: amsbsy 1999/11/29 v1.2d Bold Symbols
\pmbraise@=\dimen140
)
(c:/Users/keyserf/AppData/Roaming/TinyTeX/texmf-dist/tex/latex/amsmath/amsopn.s
ty
Package: amsopn 2016/03/08 v2.02 operator names
)
\inf@bad=\count190
LaTeX Info: Redefining \frac on input line 234.
\uproot@=\count191
\leftroot@=\count192
LaTeX Info: Redefining \overline on input line 399.
\classnum@=\count193
\DOTSCASE@=\count194
LaTeX Info: Redefining \ldots on input line 496.
LaTeX Info: Redefining \dots on input line 499.
LaTeX Info: Redefining \cdots on input line 620.
\Mathstrutbox@=\box50
\strutbox@=\box51
\big@size=\dimen141
LaTeX Font Info:    Redeclaring font encoding OML on input line 743.
LaTeX Font Info:    Redeclaring font encoding OMS on input line 744.
\macc@depth=\count195
\c@MaxMatrixCols=\count196
\dotsspace@=\muskip16
\c@parentequation=\count197
\dspbrk@lvl=\count198
\tag@help=\toks17
\row@=\count199
\column@=\count266
\maxfields@=\count267
\andhelp@=\toks18
\eqnshift@=\dimen142
\alignsep@=\dimen143
\tagshift@=\dimen144
\tagwidth@=\dimen145
\totwidth@=\dimen146
\lineht@=\dimen147
\@envbody=\toks19
\multlinegap=\skip50
\multlinetaggap=\skip51
\mathdisplay@stack=\toks20
LaTeX Info: Redefining \[ on input line 2923.
LaTeX Info: Redefining \] on input line 2924.
)
(c:/Users/keyserf/AppData/Roaming/TinyTeX/texmf-dist/tex/latex/amsfonts/amssymb
.sty
Package: amssymb 2013/01/14 v3.01 AMS font symbols

(c:/Users/keyserf/AppData/Roaming/TinyTeX/texmf-dist/tex/latex/amsfonts/amsfont
s.sty
Package: amsfonts 2013/01/14 v3.01 Basic AMSFonts support
\symAMSa=\mathgroup4
\symAMSb=\mathgroup5
LaTeX Font Info:    Redeclaring math symbol \hbar on input line 98.
LaTeX Font Info:    Overwriting math alphabet `\mathfrak' in version `bold'
(Font)                  U/euf/m/n --> U/euf/b/n on input line 106.
)) (c:/Users/keyserf/AppData/Roaming/TinyTeX/texmf-dist/tex/latex/lm/lmodern.st
y
Package: lmodern 2015/05/01 v1.6.1 Latin Modern Fonts
LaTeX Font Info:    Overwriting symbol font `operators' in version `normal'
(Font)                  OT1/cmr/m/n --> OT1/lmr/m/n on input line 22.
LaTeX Font Info:    Overwriting symbol font `letters' in version `normal'
(Font)                  OML/cmm/m/it --> OML/lmm/m/it on input line 23.
LaTeX Font Info:    Overwriting symbol font `symbols' in version `normal'
(Font)                  OMS/cmsy/m/n --> OMS/lmsy/m/n on input line 24.
LaTeX Font Info:    Overwriting symbol font `largesymbols' in version `normal'
(Font)                  OMX/cmex/m/n --> OMX/lmex/m/n on input line 25.
LaTeX Font Info:    Overwriting symbol font `operators' in version `bold'
(Font)                  OT1/cmr/bx/n --> OT1/lmr/bx/n on input line 26.
LaTeX Font Info:    Overwriting symbol font `letters' in version `bold'
(Font)                  OML/cmm/b/it --> OML/lmm/b/it on input line 27.
LaTeX Font Info:    Overwriting symbol font `symbols' in version `bold'
(Font)                  OMS/cmsy/b/n --> OMS/lmsy/b/n on input line 28.
LaTeX Font Info:    Overwriting symbol font `largesymbols' in version `bold'
(Font)                  OMX/cmex/m/n --> OMX/lmex/m/n on input line 29.
LaTeX Font Info:    Overwriting math alphabet `\mathbf' in version `normal'
(Font)                  OT1/cmr/bx/n --> OT1/lmr/bx/n on input line 31.
LaTeX Font Info:    Overwriting math alphabet `\mathsf' in version `normal'
(Font)                  OT1/cmss/m/n --> OT1/lmss/m/n on input line 32.
LaTeX Font Info:    Overwriting math alphabet `\mathit' in version `normal'
(Font)                  OT1/cmr/m/it --> OT1/lmr/m/it on input line 33.
LaTeX Font Info:    Overwriting math alphabet `\mathtt' in version `normal'
(Font)                  OT1/cmtt/m/n --> OT1/lmtt/m/n on input line 34.
LaTeX Font Info:    Overwriting math alphabet `\mathbf' in version `bold'
(Font)                  OT1/cmr/bx/n --> OT1/lmr/bx/n on input line 35.
LaTeX Font Info:    Overwriting math alphabet `\mathsf' in version `bold'
(Font)                  OT1/cmss/bx/n --> OT1/lmss/bx/n on input line 36.
LaTeX Font Info:    Overwriting math alphabet `\mathit' in version `bold'
(Font)                  OT1/cmr/bx/it --> OT1/lmr/bx/it on input line 37.
LaTeX Font Info:    Overwriting math alphabet `\mathtt' in version `bold'
(Font)                  OT1/cmtt/m/n --> OT1/lmtt/m/n on input line 38.
)
(c:/Users/keyserf/AppData/Roaming/TinyTeX/texmf-dist/tex/generic/iftex/ifxetex.
sty
Package: ifxetex 2019/10/25 v0.7 ifxetex legacy package. Use iftex instead.

(c:/Users/keyserf/AppData/Roaming/TinyTeX/texmf-dist/tex/generic/iftex/iftex.st
y
Package: iftex 2020/03/06 v1.0d TeX engine tests
))
(c:/Users/keyserf/AppData/Roaming/TinyTeX/texmf-dist/tex/generic/iftex/ifluatex
.sty
Package: ifluatex 2019/10/25 v1.5 ifluatex legacy package. Use iftex instead.
)
(c:/Users/keyserf/AppData/Roaming/TinyTeX/texmf-dist/tex/latex/base/fontenc.sty
Package: fontenc 2021/04/29 v2.0v Standard LaTeX package
LaTeX Font Info:    Trying to load font information for T1+lmr on input line 11
2.
(c:/Users/keyserf/AppData/Roaming/TinyTeX/texmf-dist/tex/latex/lm/t1lmr.fd
File: t1lmr.fd 2015/05/01 v1.6.1 Font defs for Latin Modern
))
(c:/Users/keyserf/AppData/Roaming/TinyTeX/texmf-dist/tex/latex/base/inputenc.st
y
Package: inputenc 2021/02/14 v1.3d Input encoding file
\inpenc@prehook=\toks21
\inpenc@posthook=\toks22
)
(c:/Users/keyserf/AppData/Roaming/TinyTeX/texmf-dist/tex/latex/base/textcomp.st
y
Package: textcomp 2020/02/02 v2.0n Standard LaTeX package
)
(c:/Users/keyserf/AppData/Roaming/TinyTeX/texmf-dist/tex/latex/upquote/upquote.
sty
Package: upquote 2012/04/19 v1.3 upright-quote and grave-accent glyphs in verba
tim
)
(c:/Users/keyserf/AppData/Roaming/TinyTeX/texmf-dist/tex/latex/xcolor/xcolor.st
y
Package: xcolor 2016/05/11 v2.12 LaTeX color extensions (UK)

(c:/Users/keyserf/AppData/Roaming/TinyTeX/texmf-dist/tex/latex/graphics-cfg/col
or.cfg
File: color.cfg 2016/01/02 v1.6 sample color configuration
)
Package xcolor Info: Driver file: pdftex.def on input line 225.

(c:/Users/keyserf/AppData/Roaming/TinyTeX/texmf-dist/tex/latex/graphics-def/pdf
tex.def
File: pdftex.def 2020/10/05 v1.2a Graphics/color driver for pdftex
)
Package xcolor Info: Model `cmy' substituted by `cmy0' on input line 1348.
Package xcolor Info: Model `hsb' substituted by `rgb' on input line 1352.
Package xcolor Info: Model `RGB' extended on input line 1364.
Package xcolor Info: Model `HTML' substituted by `rgb' on input line 1366.
Package xcolor Info: Model `Hsb' substituted by `hsb' on input line 1367.
Package xcolor Info: Model `tHsb' substituted by `hsb' on input line 1368.
Package xcolor Info: Model `HSB' substituted by `hsb' on input line 1369.
Package xcolor Info: Model `Gray' substituted by `gray' on input line 1370.
Package xcolor Info: Model `wave' substituted by `hsb' on input line 1371.

(c:/Users/keyserf/AppData/Roaming/TinyTeX/texmf-dist/tex/latex/graphics/dvipsna
m.def
File: dvipsnam.def 2016/06/17 v3.0m Driver-dependent file (DPC,SPQR)
)
(c:/Users/keyserf/AppData/Roaming/TinyTeX/texmf-dist/tex/latex/xcolor/svgnam.de
f
File: svgnam.def 2016/05/11 v2.12 Predefined colors according to SVG 1.1 (UK)
)
(c:/Users/keyserf/AppData/Roaming/TinyTeX/texmf-dist/tex/latex/xcolor/x11nam.de
f
File: x11nam.def 2016/05/11 v2.12 Predefined colors according to Unix/X11 (UK)
))
(c:/Users/keyserf/AppData/Roaming/TinyTeX/texmf-dist/tex/latex/hyperref/hyperre
f.sty
Package: hyperref 2021-06-07 v7.00m Hypertext links for LaTeX

(c:/Users/keyserf/AppData/Roaming/TinyTeX/texmf-dist/tex/generic/ltxcmds/ltxcmd
s.sty
Package: ltxcmds 2020-05-10 v1.25 LaTeX kernel commands for general use (HO)
)
(c:/Users/keyserf/AppData/Roaming/TinyTeX/texmf-dist/tex/generic/pdftexcmds/pdf
texcmds.sty
Package: pdftexcmds 2020-06-27 v0.33 Utility functions of pdfTeX for LuaTeX (HO
)

(c:/Users/keyserf/AppData/Roaming/TinyTeX/texmf-dist/tex/generic/infwarerr/infw
arerr.sty
Package: infwarerr 2019/12/03 v1.5 Providing info/warning/error messages (HO)
)
Package pdftexcmds Info: \pdf@primitive is available.
Package pdftexcmds Info: \pdf@ifprimitive is available.
Package pdftexcmds Info: \pdfdraftmode found.
)
(c:/Users/keyserf/AppData/Roaming/TinyTeX/texmf-dist/tex/latex/graphics/keyval.
sty
Package: keyval 2014/10/28 v1.15 key=value parser (DPC)
\KV@toks@=\toks23
)
(c:/Users/keyserf/AppData/Roaming/TinyTeX/texmf-dist/tex/generic/kvsetkeys/kvse
tkeys.sty
Package: kvsetkeys 2019/12/15 v1.18 Key value parser (HO)
)
(c:/Users/keyserf/AppData/Roaming/TinyTeX/texmf-dist/tex/generic/kvdefinekeys/k
vdefinekeys.sty
Package: kvdefinekeys 2019-12-19 v1.6 Define keys (HO)
)
(c:/Users/keyserf/AppData/Roaming/TinyTeX/texmf-dist/tex/generic/pdfescape/pdfe
scape.sty
Package: pdfescape 2019/12/09 v1.15 Implements pdfTeX's escape features (HO)
)
(c:/Users/keyserf/AppData/Roaming/TinyTeX/texmf-dist/tex/latex/hycolor/hycolor.
sty
Package: hycolor 2020-01-27 v1.10 Color options for hyperref/bookmark (HO)
)
(c:/Users/keyserf/AppData/Roaming/TinyTeX/texmf-dist/tex/latex/letltxmacro/letl
txmacro.sty
Package: letltxmacro 2019/12/03 v1.6 Let assignment for LaTeX macros (HO)
)
(c:/Users/keyserf/AppData/Roaming/TinyTeX/texmf-dist/tex/latex/auxhook/auxhook.
sty
Package: auxhook 2019-12-17 v1.6 Hooks for auxiliary files (HO)
)
(c:/Users/keyserf/AppData/Roaming/TinyTeX/texmf-dist/tex/latex/kvoptions/kvopti
ons.sty
Package: kvoptions 2020-10-07 v3.14 Key value format for package options (HO)
)
\@linkdim=\dimen148
\Hy@linkcounter=\count268
\Hy@pagecounter=\count269

(c:/Users/keyserf/AppData/Roaming/TinyTeX/texmf-dist/tex/latex/hyperref/pd1enc.
def
File: pd1enc.def 2021-06-07 v7.00m Hyperref: PDFDocEncoding definition (HO)
Now handling font encoding PD1 ...
... no UTF-8 mapping file for font encoding PD1
)
(c:/Users/keyserf/AppData/Roaming/TinyTeX/texmf-dist/tex/latex/hyperref/hyperre
f-langpatches.def
File: hyperref-langpatches.def 2021-06-07 v7.00m Hyperref: patches for babel la
nguages
)
(c:/Users/keyserf/AppData/Roaming/TinyTeX/texmf-dist/tex/generic/intcalc/intcal
c.sty
Package: intcalc 2019/12/15 v1.3 Expandable calculations with integers (HO)
)
(c:/Users/keyserf/AppData/Roaming/TinyTeX/texmf-dist/tex/generic/etexcmds/etexc
mds.sty
Package: etexcmds 2019/12/15 v1.7 Avoid name clashes with e-TeX commands (HO)
)
\Hy@SavedSpaceFactor=\count270

(c:/Users/keyserf/AppData/Roaming/TinyTeX/texmf-dist/tex/latex/hyperref/puenc.d
ef
File: puenc.def 2021-06-07 v7.00m Hyperref: PDF Unicode definition (HO)
Now handling font encoding PU ...
... no UTF-8 mapping file for font encoding PU
)
Package hyperref Info: Option `unicode' set `true' on input line 4073.
Package hyperref Info: Hyper figures OFF on input line 4192.
Package hyperref Info: Link nesting OFF on input line 4197.
Package hyperref Info: Hyper index ON on input line 4200.
Package hyperref Info: Plain pages OFF on input line 4207.
Package hyperref Info: Backreferencing OFF on input line 4212.
Package hyperref Info: Implicit mode ON; LaTeX internals redefined.
Package hyperref Info: Bookmarks ON on input line 4445.
\c@Hy@tempcnt=\count271
(c:/Users/keyserf/AppData/Roaming/TinyTeX/texmf-dist/tex/latex/url/url.sty
\Urlmuskip=\muskip17
Package: url 2013/09/16  ver 3.4  Verb mode for urls, etc.
)
LaTeX Info: Redefining \url on input line 4804.
\XeTeXLinkMargin=\dimen149

(c:/Users/keyserf/AppData/Roaming/TinyTeX/texmf-dist/tex/generic/bitset/bitset.
sty
Package: bitset 2019/12/09 v1.3 Handle bit-vector datatype (HO)

(c:/Users/keyserf/AppData/Roaming/TinyTeX/texmf-dist/tex/generic/bigintcalc/big
intcalc.sty
Package: bigintcalc 2019/12/15 v1.5 Expandable calculations on big integers (HO
)
))
\Fld@menulength=\count272
\Field@Width=\dimen150
\Fld@charsize=\dimen151
Package hyperref Info: Hyper figures OFF on input line 6076.
Package hyperref Info: Link nesting OFF on input line 6081.
Package hyperref Info: Hyper index ON on input line 6084.
Package hyperref Info: backreferencing OFF on input line 6091.
Package hyperref Info: Link coloring OFF on input line 6096.
Package hyperref Info: Link coloring with OCG OFF on input line 6101.
Package hyperref Info: PDF/A mode OFF on input line 6106.
LaTeX Info: Redefining \ref on input line 6146.
LaTeX Info: Redefining \pageref on input line 6150.

(c:/Users/keyserf/AppData/Roaming/TinyTeX/texmf-dist/tex/latex/base/atbegshi-lt
x.sty
Package: atbegshi-ltx 2021/01/10 v1.0c Emulation of the original atbegshi
package with kernel methods
)
\Hy@abspage=\count273
\c@Item=\count274
\c@Hfootnote=\count275
)
Package hyperref Info: Driver (autodetected): hpdftex.

(c:/Users/keyserf/AppData/Roaming/TinyTeX/texmf-dist/tex/latex/hyperref/hpdftex
.def
File: hpdftex.def 2021-06-07 v7.00m Hyperref driver for pdfTeX

(c:/Users/keyserf/AppData/Roaming/TinyTeX/texmf-dist/tex/latex/base/atveryend-l
tx.sty
Package: atveryend-ltx 2020/08/19 v1.0a Emulation of the original atvery packag
e
with kernel methods
)
\Fld@listcount=\count276
\c@bookmark@seq@number=\count277

(c:/Users/keyserf/AppData/Roaming/TinyTeX/texmf-dist/tex/latex/rerunfilecheck/r
erunfilecheck.sty
Package: rerunfilecheck 2019/12/05 v1.9 Rerun checks for auxiliary files (HO)

(c:/Users/keyserf/AppData/Roaming/TinyTeX/texmf-dist/tex/generic/uniquecounter/
uniquecounter.sty
Package: uniquecounter 2019/12/15 v1.4 Provide unlimited unique counter (HO)
)
Package uniquecounter Info: New unique counter `rerunfilecheck' on input line 2
86.
)
\Hy@SectionHShift=\skip52
)
Package hyperref Info: Option `colorlinks' set `true' on input line 47.

(c:/Users/keyserf/AppData/Roaming/TinyTeX/texmf-dist/tex/latex/geometry/geometr
y.sty
Package: geometry 2020/01/02 v5.9 Page Geometry

(c:/Users/keyserf/AppData/Roaming/TinyTeX/texmf-dist/tex/generic/iftex/ifvtex.s
ty
Package: ifvtex 2019/10/25 v1.7 ifvtex legacy package. Use iftex instead.
)
\Gm@cnth=\count278
\Gm@cntv=\count279
\c@Gm@tempcnt=\count280
\Gm@bindingoffset=\dimen152
\Gm@wd@mp=\dimen153
\Gm@odd@mp=\dimen154
\Gm@even@mp=\dimen155
\Gm@layoutwidth=\dimen156
\Gm@layoutheight=\dimen157
\Gm@layouthoffset=\dimen158
\Gm@layoutvoffset=\dimen159
\Gm@dimlist=\toks24
)
(c:/Users/keyserf/AppData/Roaming/TinyTeX/texmf-dist/tex/latex/tools/longtable.
sty
Package: longtable 2021-05-07 v4.16 Multi-page Table package (DPC)
\LTleft=\skip53
\LTright=\skip54
\LTpre=\skip55
\LTpost=\skip56
\LTchunksize=\count281
\LTcapwidth=\dimen160
\LT@head=\box52
\LT@firsthead=\box53
\LT@foot=\box54
\LT@lastfoot=\box55
\LT@gbox=\box56
\LT@cols=\count282
\LT@rows=\count283
\c@LT@tables=\count284
\c@LT@chunks=\count285
\LT@p@ftn=\toks25
)
(c:/Users/keyserf/AppData/Roaming/TinyTeX/texmf-dist/tex/latex/booktabs/booktab
s.sty
Package: booktabs 2020/01/12 v1.61803398 Publication quality tables
\heavyrulewidth=\dimen161
\lightrulewidth=\dimen162
\cmidrulewidth=\dimen163
\belowrulesep=\dimen164
\belowbottomsep=\dimen165
\aboverulesep=\dimen166
\abovetopsep=\dimen167
\cmidrulesep=\dimen168
\cmidrulekern=\dimen169
\defaultaddspace=\dimen170
\@cmidla=\count286
\@cmidlb=\count287
\@aboverulesep=\dimen171
\@belowrulesep=\dimen172
\@thisruleclass=\count288
\@lastruleclass=\count289
\@thisrulewidth=\dimen173
) (c:/Users/keyserf/AppData/Roaming/TinyTeX/texmf-dist/tex/latex/tools/array.st
y
Package: array 2021/04/20 v2.5e Tabular extension package (FMi)
\col@sep=\dimen174
\ar@mcellbox=\box57
\extrarowheight=\dimen175
\NC@list=\toks26
\extratabsurround=\skip57
\backup@length=\skip58
\ar@cellbox=\box58
) (c:/Users/keyserf/AppData/Roaming/TinyTeX/texmf-dist/tex/latex/tools/calc.sty
Package: calc 2017/05/25 v4.3 Infix arithmetic (KKT,FJ)
\calc@Acount=\count290
\calc@Bcount=\count291
\calc@Adimen=\dimen176
\calc@Bdimen=\dimen177
\calc@Askip=\skip59
\calc@Bskip=\skip60
LaTeX Info: Redefining \setlength on input line 80.
LaTeX Info: Redefining \addtolength on input line 81.
\calc@Ccount=\count292
\calc@Cskip=\skip61
)
(c:/Users/keyserf/AppData/Roaming/TinyTeX/texmf-dist/tex/latex/etoolbox/etoolbo
x.sty
Package: etoolbox 2020/10/05 v2.5k e-TeX tools for LaTeX (JAW)
\etb@tempcnta=\count293
)
(c:/Users/keyserf/AppData/Roaming/TinyTeX/texmf-dist/tex/latex/mdwtools/footnot
e.sty
Package: footnote 1997/01/28 1.13 Save footnotes around boxes
\fn@notes=\box59
\fn@width=\dimen178
)
(c:/Users/keyserf/AppData/Roaming/TinyTeX/texmf-dist/tex/latex/graphics/graphic
x.sty
Package: graphicx 2020/12/05 v1.2c Enhanced LaTeX Graphics (DPC,SPQR)

(c:/Users/keyserf/AppData/Roaming/TinyTeX/texmf-dist/tex/latex/graphics/graphic
s.sty
Package: graphics 2021/03/04 v1.4d Standard LaTeX Graphics (DPC,SPQR)

(c:/Users/keyserf/AppData/Roaming/TinyTeX/texmf-dist/tex/latex/graphics/trig.st
y
Package: trig 2016/01/03 v1.10 sin cos tan (DPC)
)
(c:/Users/keyserf/AppData/Roaming/TinyTeX/texmf-dist/tex/latex/graphics-cfg/gra
phics.cfg
File: graphics.cfg 2016/06/04 v1.11 sample graphics configuration
)
Package graphics Info: Driver file: pdftex.def on input line 107.
)
\Gin@req@height=\dimen179
\Gin@req@width=\dimen180
) (c:/Users/keyserf/AppData/Roaming/TinyTeX/texmf-dist/tex/latex/float/float.st
y
Package: float 2001/11/08 v1.3d Float enhancements (AL)
\c@float@type=\count294
\float@exts=\toks27
\float@box=\box60
\@float@everytoks=\toks28
\@floatcapt=\box61
)
(c:/Users/keyserf/AppData/Roaming/TinyTeX/texmf-dist/tex/latex/fancyhdr/fancyhd
r.sty
Package: fancyhdr 2021/01/28 v4.0.1 Extensive control of page headers and foote
rs
\f@nch@headwidth=\skip62
\f@nch@O@elh=\skip63
\f@nch@O@erh=\skip64
\f@nch@O@olh=\skip65
\f@nch@O@orh=\skip66
\f@nch@O@elf=\skip67
\f@nch@O@erf=\skip68
\f@nch@O@olf=\skip69
\f@nch@O@orf=\skip70
)

Package fancyhdr Warning: \fancyfoot's `E' option without twoside option is use
less on input line 80.


Package fancyhdr Warning: \fancyfoot's `E' option without twoside option is use
less on input line 81.


(c:/Users/keyserf/AppData/Roaming/TinyTeX/texmf-dist/tex/latex/l3backend/l3back
end-pdftex.def
File: l3backend-pdftex.def 2021-08-04 L3 backend support: PDF output (pdfTeX)
\l__color_backend_stack_int=\count295
\l__pdf_internal_box=\box62
) (./output2.aux

LaTeX Warning: Label `fig:unnamed-chunk-2' multiply defined.


LaTeX Warning: Label `tab:unnamed-chunk-4' multiply defined.


LaTeX Warning: Label `tab:unnamed-chunk-5' multiply defined.


LaTeX Warning: Label `fig:unnamed-chunk-6' multiply defined.


LaTeX Warning: Label `fig:unnamed-chunk-7' multiply defined.


LaTeX Warning: Label `fig:unnamed-chunk-8' multiply defined.


LaTeX Warning: Label `fig:unnamed-chunk-9' multiply defined.


LaTeX Warning: Label `tab:unnamed-chunk-11' multiply defined.


LaTeX Warning: Label `fig:unnamed-chunk-12' multiply defined.


LaTeX Warning: Label `fig:unnamed-chunk-13' multiply defined.


LaTeX Warning: Label `fig:unnamed-chunk-14' multiply defined.


LaTeX Warning: Label `tab:unnamed-chunk-15' multiply defined.


LaTeX Warning: Label `fig:unnamed-chunk-16' multiply defined.


LaTeX Warning: Label `fig:unnamed-chunk-17' multiply defined.


LaTeX Warning: Label `tab:unnamed-chunk-18' multiply defined.


LaTeX Warning: Label `fig:unnamed-chunk-19' multiply defined.


LaTeX Warning: Label `fig:unnamed-chunk-20' multiply defined.

)
\openout1 = `output2.aux'.

LaTeX Font Info:    Checking defaults for OML/cmm/m/it on input line 98.
LaTeX Font Info:    ... okay on input line 98.
LaTeX Font Info:    Checking defaults for OMS/cmsy/m/n on input line 98.
LaTeX Font Info:    ... okay on input line 98.
LaTeX Font Info:    Checking defaults for OT1/cmr/m/n on input line 98.
LaTeX Font Info:    ... okay on input line 98.
LaTeX Font Info:    Checking defaults for T1/cmr/m/n on input line 98.
LaTeX Font Info:    ... okay on input line 98.
LaTeX Font Info:    Checking defaults for TS1/cmr/m/n on input line 98.
LaTeX Font Info:    ... okay on input line 98.
LaTeX Font Info:    Checking defaults for OMX/cmex/m/n on input line 98.
LaTeX Font Info:    ... okay on input line 98.
LaTeX Font Info:    Checking defaults for U/cmr/m/n on input line 98.
LaTeX Font Info:    ... okay on input line 98.
LaTeX Font Info:    Checking defaults for PD1/pdf/m/n on input line 98.
LaTeX Font Info:    ... okay on input line 98.
LaTeX Font Info:    Checking defaults for PU/pdf/m/n on input line 98.
LaTeX Font Info:    ... okay on input line 98.

(c:/Users/keyserf/AppData/Roaming/TinyTeX/texmf-dist/tex/latex/epstopdf-pkg/eps
topdf-base.sty
Package: epstopdf-base 2020-01-24 v2.11 Base part for package epstopdf
Package epstopdf-base Info: Redefining graphics rule for `.eps' on input line 4
85.

(c:/Users/keyserf/AppData/Roaming/TinyTeX/texmf-dist/tex/latex/latexconfig/epst
opdf-sys.cfg
File: epstopdf-sys.cfg 2010/07/13 v1.3 Configuration of (r)epstopdf for TeX Liv
e
))
Package hyperref Info: Link coloring ON on input line 98.

(c:/Users/keyserf/AppData/Roaming/TinyTeX/texmf-dist/tex/latex/hyperref/nameref
.sty
Package: nameref 2021-04-02 v2.47 Cross-referencing by name of section

(c:/Users/keyserf/AppData/Roaming/TinyTeX/texmf-dist/tex/latex/refcount/refcoun
t.sty
Package: refcount 2019/12/15 v3.6 Data extraction from label references (HO)
)
(c:/Users/keyserf/AppData/Roaming/TinyTeX/texmf-dist/tex/generic/gettitlestring
/gettitlestring.sty
Package: gettitlestring 2019/12/15 v1.6 Cleanup title references (HO)
)
\c@section@level=\count296
)
LaTeX Info: Redefining \ref on input line 98.
LaTeX Info: Redefining \pageref on input line 98.
LaTeX Info: Redefining \nameref on input line 98.
(./output2.out) (./output2.out)
\@outlinefile=\write3
\openout3 = `output2.out'.

*geometry* driver: auto-detecting
*geometry* detected driver: pdftex
*geometry* verbose mode - [ preamble ] result:
* driver: pdftex
* paper: <default>
* layout: <same size as paper>
* layoutoffset:(h,v)=(0.0pt,0.0pt)
* modes: 
* h-part:(L,W,R)=(72.26999pt, 469.75502pt, 72.26999pt)
* v-part:(T,H,B)=(72.26999pt, 650.43001pt, 72.26999pt)
* \paperwidth=614.295pt
* \paperheight=794.96999pt
* \textwidth=469.75502pt
* \textheight=650.43001pt
* \oddsidemargin=0.0pt
* \evensidemargin=0.0pt
* \topmargin=-37.0pt
* \headheight=12.0pt
* \headsep=25.0pt
* \topskip=10.0pt
* \footskip=30.0pt
* \marginparwidth=65.0pt
* \marginparsep=11.0pt
* \columnsep=10.0pt
* \skip\footins=9.0pt plus 4.0pt minus 2.0pt
* \hoffset=0.0pt
* \voffset=0.0pt
* \mag=1000
* \@twocolumnfalse
* \@twosidefalse
* \@mparswitchfalse
* \@reversemarginfalse
* (1in=72.27pt=25.4mm, 1cm=28.453pt)

LaTeX Font Info:    Trying to load font information for OT1+lmr on input line 1
00.
(c:/Users/keyserf/AppData/Roaming/TinyTeX/texmf-dist/tex/latex/lm/ot1lmr.fd
File: ot1lmr.fd 2015/05/01 v1.6.1 Font defs for Latin Modern
)
LaTeX Font Info:    Trying to load font information for OML+lmm on input line 1
00.
(c:/Users/keyserf/AppData/Roaming/TinyTeX/texmf-dist/tex/latex/lm/omllmm.fd
File: omllmm.fd 2015/05/01 v1.6.1 Font defs for Latin Modern
)
LaTeX Font Info:    Trying to load font information for OMS+lmsy on input line 
100.
(c:/Users/keyserf/AppData/Roaming/TinyTeX/texmf-dist/tex/latex/lm/omslmsy.fd
File: omslmsy.fd 2015/05/01 v1.6.1 Font defs for Latin Modern
)
LaTeX Font Info:    Trying to load font information for OMX+lmex on input line 
100.
(c:/Users/keyserf/AppData/Roaming/TinyTeX/texmf-dist/tex/latex/lm/omxlmex.fd
File: omxlmex.fd 2015/05/01 v1.6.1 Font defs for Latin Modern
)
LaTeX Font Info:    External font `lmex10' loaded for size
(Font)              <12> on input line 100.
LaTeX Font Info:    External font `lmex10' loaded for size
(Font)              <8> on input line 100.
LaTeX Font Info:    External font `lmex10' loaded for size
(Font)              <6> on input line 100.
LaTeX Font Info:    Trying to load font information for U+msa on input line 100
.

(c:/Users/keyserf/AppData/Roaming/TinyTeX/texmf-dist/tex/latex/amsfonts/umsa.fd
File: umsa.fd 2013/01/14 v3.01 AMS symbols A
)
LaTeX Font Info:    Trying to load font information for U+msb on input line 100
.

(c:/Users/keyserf/AppData/Roaming/TinyTeX/texmf-dist/tex/latex/amsfonts/umsb.fd
File: umsb.fd 2013/01/14 v3.01 AMS symbols B
) (./output2.toc)
\tf@toc=\write4
\openout4 = `output2.toc'.

[1

{c:/Users/keyserf/AppData/Roaming/TinyTeX/texmf-var/fonts/map/pdftex/updmap/pdf
tex.map}] [2]
LaTeX Font Info:    Trying to load font information for TS1+lmr on input line 1
30.
(c:/Users/keyserf/AppData/Roaming/TinyTeX/texmf-dist/tex/latex/lm/ts1lmr.fd
File: ts1lmr.fd 2015/05/01 v1.6.1 Font defs for Latin Modern
) [3]
<Y:/Offshore/Assessment/2021/Presentations/Survey_summary/test_figures/GBa/surv
ey_strata.png, id=58, 794.97pt x 614.295pt>
File: Y:/Offshore/Assessment/2021/Presentations/Survey_summary/test_figures/GBa
/survey_strata.png Graphic file (type png)
<use Y:/Offshore/Assessment/2021/Presentations/Survey_summary/test_figures/GBa/
survey_strata.png>
Package pdftex.def Info: Y:/Offshore/Assessment/2021/Presentations/Survey_summa
ry/test_figures/GBa/survey_strata.png  used on input line 177.
(pdftex.def)             Requested size: 469.76819pt x 363.00267pt.
[4pdfTeX warning (ext4): destination with the same identifier (name{figure.1}) 
has been already used, duplicate ignored
<argument> ...shipout:D \box_use:N \l_shipout_box 
                                                  \__shipout_drop_firstpage_...
l.185 \newpage
               <y:/Offshore/Assessment/2021/Presentations/Survey_summary/test_f
igures/GBa/survey_strata.png>]
LaTeX Font Info:    External font `lmex10' loaded for size
(Font)              <10> on input line 196.
LaTeX Font Info:    External font `lmex10' loaded for size
(Font)              <7> on input line 196.
LaTeX Font Info:    External font `lmex10' loaded for size
(Font)              <5> on input line 196.
[5pdfTeX warning (ext4): destination with the same identifier (name{table.1}) h
as been already used, duplicate ignored
<argument> ...shipout:D \box_use:N \l_shipout_box 
                                                  \__shipout_drop_firstpage_...
l.223 \newpage
              pdfTeX warning (ext4): destination with the same identifier (name
{table.2}) has been already used, duplicate ignored
<argument> ...shipout:D \box_use:N \l_shipout_box 
                                                  \__shipout_drop_firstpage_...
l.223 \newpage
              ]
<Y:/Offshore/Assessment/2021/Presentations/Survey_summary/test_figures/GBa/abun
dance_ts.png, id=76, 614.295pt x 794.97pt>
File: Y:/Offshore/Assessment/2021/Presentations/Survey_summary/test_figures/GBa
/abundance_ts.png Graphic file (type png)
<use Y:/Offshore/Assessment/2021/Presentations/Survey_summary/test_figures/GBa/
abundance_ts.png>
Package pdftex.def Info: Y:/Offshore/Assessment/2021/Presentations/Survey_summa
ry/test_figures/GBa/abundance_ts.png  used on input line 227.
(pdftex.def)             Requested size: 422.77669pt x 547.12279pt.
[6pdfTeX warning (ext4): destination with the same identifier (name{figure.2}) 
has been already used, duplicate ignored
<argument> ...shipout:D \box_use:N \l_shipout_box 
                                                  \__shipout_drop_firstpage_...
l.235 \newpage
               <y:/Offshore/Assessment/2021/Presentations/Survey_summary/test_f
igures/GBa/abundance_ts.png>]
<Y:/Offshore/Assessment/2021/Presentations/Survey_summary/test_figures/GBa/biom
ass_ts.png, id=84, 614.295pt x 794.97pt>
File: Y:/Offshore/Assessment/2021/Presentations/Survey_summary/test_figures/GBa
/biomass_ts.png Graphic file (type png)
<use Y:/Offshore/Assessment/2021/Presentations/Survey_summary/test_figures/GBa/
biomass_ts.png>
Package pdftex.def Info: Y:/Offshore/Assessment/2021/Presentations/Survey_summa
ry/test_figures/GBa/biomass_ts.png  used on input line 239.
(pdftex.def)             Requested size: 422.77669pt x 547.12279pt.
[7pdfTeX warning (ext4): destination with the same identifier (name{figure.3}) 
has been already used, duplicate ignored
<argument> ...shipout:D \box_use:N \l_shipout_box 
                                                  \__shipout_drop_firstpage_...
l.247 \newpage
               <y:/Offshore/Assessment/2021/Presentations/Survey_summary/test_f
igures/GBa/biomass_ts.png>]
<Y:/Offshore/Assessment/2021/Presentations/Survey_summary/test_figures/GBa/SHF.
png, id=93, 614.295pt x 794.97pt>
File: Y:/Offshore/Assessment/2021/Presentations/Survey_summary/test_figures/GBa
/SHF.png Graphic file (type png)
<use Y:/Offshore/Assessment/2021/Presentations/Survey_summary/test_figures/GBa/
SHF.png>
Package pdftex.def Info: Y:/Offshore/Assessment/2021/Presentations/Survey_summa
ry/test_figures/GBa/SHF.png  used on input line 256.
(pdftex.def)             Requested size: 399.29639pt x 516.73651pt.
[8pdfTeX warning (ext4): destination with the same identifier (name{figure.4}) 
has been already used, duplicate ignored
<argument> ...shipout:D \box_use:N \l_shipout_box 
                                                  \__shipout_drop_firstpage_...
l.264 \newpage
               <y:/Offshore/Assessment/2021/Presentations/Survey_summary/test_f
igures/GBa/SHF.png>]
<Y:/Offshore/Assessment/2021/Presentations/Survey_summary/test_figures/GBa/MWSH
_and_CF_ts.png, id=102, 614.295pt x 939.51pt>
File: Y:/Offshore/Assessment/2021/Presentations/Survey_summary/test_figures/GBa
/MWSH_and_CF_ts.png Graphic file (type png)
<use Y:/Offshore/Assessment/2021/Presentations/Survey_summary/test_figures/GBa/
MWSH_and_CF_ts.png>
Package pdftex.def Info: Y:/Offshore/Assessment/2021/Presentations/Survey_summa
ry/test_figures/GBa/MWSH_and_CF_ts.png  used on input line 273.
(pdftex.def)             Requested size: 297.689pt x 455.28908pt.
[9pdfTeX warning (ext4): destination with the same identifier (name{figure.5}) 
has been already used, duplicate ignored
<argument> ...shipout:D \box_use:N \l_shipout_box 
                                                  \__shipout_drop_firstpage_...
l.281 \newpage
               <y:/Offshore/Assessment/2021/Presentations/Survey_summary/test_f
igures/GBa/MWSH_and_CF_ts.png>]
<Y:/Offshore/Assessment/2021/Presentations/Survey_summary/test_figures/GBa/PR-s
patial.png, id=111, 794.97pt x 614.295pt>
File: Y:/Offshore/Assessment/2021/Presentations/Survey_summary/test_figures/GBa
/PR-spatial.png Graphic file (type png)
<use Y:/Offshore/Assessment/2021/Presentations/Survey_summary/test_figures/GBa/
PR-spatial.png>
Package pdftex.def Info: Y:/Offshore/Assessment/2021/Presentations/Survey_summa
ry/test_figures/GBa/PR-spatial.png  used on input line 307.
(pdftex.def)             Requested size: 469.76819pt x 363.00267pt.
[10pdfTeX warning (ext4): destination with the same identifier (name{table.3}) 
has been already used, duplicate ignored
<argument> ...shipout:D \box_use:N \l_shipout_box 
                                                  \__shipout_drop_firstpage_...
l.315 \newpage
              pdfTeX warning (ext4): destination with the same identifier (name
{figure.6}) has been already used, duplicate ignored
<argument> ...shipout:D \box_use:N \l_shipout_box 
                                                  \__shipout_drop_firstpage_...
l.315 \newpage
               <y:/Offshore/Assessment/2021/Presentations/Survey_summary/test_f
igures/GBa/PR-spatial.png>]
<Y:/Offshore/Assessment/2021/Presentations/Survey_summary/test_figures/GBa/Rec-
spatial.png, id=121, 794.97pt x 614.295pt>
File: Y:/Offshore/Assessment/2021/Presentations/Survey_summary/test_figures/GBa
/Rec-spatial.png Graphic file (type png)
<use Y:/Offshore/Assessment/2021/Presentations/Survey_summary/test_figures/GBa/
Rec-spatial.png>
Package pdftex.def Info: Y:/Offshore/Assessment/2021/Presentations/Survey_summa
ry/test_figures/GBa/Rec-spatial.png  used on input line 319.
(pdftex.def)             Requested size: 469.76819pt x 363.00267pt.
[11pdfTeX warning (ext4): destination with the same identifier (name{figure.7})
 has been already used, duplicate ignored
<argument> ...shipout:D \box_use:N \l_shipout_box 
                                                  \__shipout_drop_firstpage_...
l.327 \newpage
               <y:/Offshore/Assessment/2021/Presentations/Survey_summary/test_f
igures/GBa/Rec-spatial.png>]
<Y:/Offshore/Assessment/2021/Presentations/Survey_summary/test_figures/GBa/FR-s
patial.png, id=129, 794.97pt x 614.295pt>
File: Y:/Offshore/Assessment/2021/Presentations/Survey_summary/test_figures/GBa
/FR-spatial.png Graphic file (type png)
<use Y:/Offshore/Assessment/2021/Presentations/Survey_summary/test_figures/GBa/
FR-spatial.png>
Package pdftex.def Info: Y:/Offshore/Assessment/2021/Presentations/Survey_summa
ry/test_figures/GBa/FR-spatial.png  used on input line 331.
(pdftex.def)             Requested size: 469.76819pt x 363.00267pt.
[12pdfTeX warning (ext4): destination with the same identifier (name{figure.8})
 has been already used, duplicate ignored
<argument> ...shipout:D \box_use:N \l_shipout_box 
                                                  \__shipout_drop_firstpage_...
l.339 \newpage
               <y:/Offshore/Assessment/2021/Presentations/Survey_summary/test_f
igures/GBa/FR-spatial.png>]
<Y:/Offshore/Assessment/2021/Presentations/Survey_summary/test_figures/GBa/CF-s
patial.png, id=137, 794.97pt x 614.295pt>
File: Y:/Offshore/Assessment/2021/Presentations/Survey_summary/test_figures/GBa
/CF-spatial.png Graphic file (type png)
<use Y:/Offshore/Assessment/2021/Presentations/Survey_summary/test_figures/GBa/
CF-spatial.png>
Package pdftex.def Info: Y:/Offshore/Assessment/2021/Presentations/Survey_summa
ry/test_figures/GBa/CF-spatial.png  used on input line 361.
(pdftex.def)             Requested size: 469.76819pt x 363.00267pt.
[13pdfTeX warning (ext4): destination with the same identifier (name{table.4}) 
has been already used, duplicate ignored
<argument> ...shipout:D \box_use:N \l_shipout_box 
                                                  \__shipout_drop_firstpage_...
l.369 \newpage
              pdfTeX warning (ext4): destination with the same identifier (name
{figure.9}) has been already used, duplicate ignored
<argument> ...shipout:D \box_use:N \l_shipout_box 
                                                  \__shipout_drop_firstpage_...
l.369 \newpage
               <y:/Offshore/Assessment/2021/Presentations/Survey_summary/test_f
igures/GBa/CF-spatial.png>]
<Y:/Offshore/Assessment/2021/Presentations/Survey_summary/test_figures/GBa/MC-s
patial.png, id=147, 794.97pt x 614.295pt>
File: Y:/Offshore/Assessment/2021/Presentations/Survey_summary/test_figures/GBa
/MC-spatial.png Graphic file (type png)
<use Y:/Offshore/Assessment/2021/Presentations/Survey_summary/test_figures/GBa/
MC-spatial.png>
Package pdftex.def Info: Y:/Offshore/Assessment/2021/Presentations/Survey_summa
ry/test_figures/GBa/MC-spatial.png  used on input line 373.
(pdftex.def)             Requested size: 469.76819pt x 363.00267pt.
[14pdfTeX warning (ext4): destination with the same identifier (name{figure.10}
) has been already used, duplicate ignored
<argument> ...shipout:D \box_use:N \l_shipout_box 
                                                  \__shipout_drop_firstpage_...
l.381 \newpage
               <y:/Offshore/Assessment/2021/Presentations/Survey_summary/test_f
igures/GBa/MC-spatial.png>]
<Y:/Offshore/Assessment/2021/Presentations/Survey_summary/test_figures/GBa/Clap
per_per_ts.png, id=156, 614.295pt x 794.97pt>
File: Y:/Offshore/Assessment/2021/Presentations/Survey_summary/test_figures/GBa
/Clapper_per_ts.png Graphic file (type png)
<use Y:/Offshore/Assessment/2021/Presentations/Survey_summary/test_figures/GBa/
Clapper_per_ts.png>
Package pdftex.def Info: Y:/Offshore/Assessment/2021/Presentations/Survey_summa
ry/test_figures/GBa/Clapper_per_ts.png  used on input line 405.
(pdftex.def)             Requested size: 422.77669pt x 547.12279pt.
[15pdfTeX warning (ext4): destination with the same identifier (name{table.5}) 
has been already used, duplicate ignored
<argument> ...shipout:D \box_use:N \l_shipout_box 
                                                  \__shipout_drop_firstpage_...
l.411 
      ] [16pdfTeX warning (ext4): destination with the same identifier (name{fi
gure.11}) has been already used, duplicate ignored
<argument> ...shipout:D \box_use:N \l_shipout_box 
                                                  \__shipout_drop_firstpage_...
l.413 \newpage
               <y:/Offshore/Assessment/2021/Presentations/Survey_summary/test_f
igures/GBa/Clapper_per_ts.png>]
<Y:/Offshore/Assessment/2021/Presentations/Survey_summary/test_figures/GBa/brea
kdown-2021.png, id=170, 614.295pt x 794.97pt>
File: Y:/Offshore/Assessment/2021/Presentations/Survey_summary/test_figures/GBa
/breakdown-2021.png Graphic file (type png)
<use Y:/Offshore/Assessment/2021/Presentations/Survey_summary/test_figures/GBa/
breakdown-2021.png>
Package pdftex.def Info: Y:/Offshore/Assessment/2021/Presentations/Survey_summa
ry/test_figures/GBa/breakdown-2021.png  used on input line 422.
(pdftex.def)             Requested size: 352.31703pt x 455.9397pt.
[17pdfTeX warning (ext4): destination with the same identifier (name{figure.12}
) has been already used, duplicate ignored
<argument> ...shipout:D \box_use:N \l_shipout_box 
                                                  \__shipout_drop_firstpage_...
l.431 \newpage
               <y:/Offshore/Assessment/2021/Presentations/Survey_summary/test_f
igures/GBa/breakdown-2021.png>] [18]
<Y:/Offshore/Assessment/2021/Presentations/Survey_summary/test_figures/GBb/surv
ey_strata.png, id=199, 794.97pt x 614.295pt>
File: Y:/Offshore/Assessment/2021/Presentations/Survey_summary/test_figures/GBb
/survey_strata.png Graphic file (type png)
<use Y:/Offshore/Assessment/2021/Presentations/Survey_summary/test_figures/GBb/
survey_strata.png>
Package pdftex.def Info: Y:/Offshore/Assessment/2021/Presentations/Survey_summa
ry/test_figures/GBb/survey_strata.png  used on input line 487.
(pdftex.def)             Requested size: 469.76819pt x 363.00267pt.
[19pdfTeX warning (ext4): destination with the same identifier (name{figure.13}
) has been already used, duplicate ignored
<argument> ...shipout:D \box_use:N \l_shipout_box 
                                                  \__shipout_drop_firstpage_...
l.495 \newpage
               <y:/Offshore/Assessment/2021/Presentations/Survey_summary/test_f
igures/GBb/survey_strata.png>] [20pdfTeX warning (ext4): destination with the s
ame identifier (name{table.6}) has been already used, duplicate ignored
<argument> ...shipout:D \box_use:N \l_shipout_box 
                                                  \__shipout_drop_firstpage_...
l.533 \newpage
              pdfTeX warning (ext4): destination with the same identifier (name
{table.7}) has been already used, duplicate ignored
<argument> ...shipout:D \box_use:N \l_shipout_box 
                                                  \__shipout_drop_firstpage_...
l.533 \newpage
              ]
<Y:/Offshore/Assessment/2021/Presentations/Survey_summary/test_figures/GBb/abun
dance_ts.png, id=217, 614.295pt x 794.97pt>
File: Y:/Offshore/Assessment/2021/Presentations/Survey_summary/test_figures/GBb
/abundance_ts.png Graphic file (type png)
<use Y:/Offshore/Assessment/2021/Presentations/Survey_summary/test_figures/GBb/
abundance_ts.png>
Package pdftex.def Info: Y:/Offshore/Assessment/2021/Presentations/Survey_summa
ry/test_figures/GBb/abundance_ts.png  used on input line 537.
(pdftex.def)             Requested size: 422.77669pt x 547.12279pt.
[21pdfTeX warning (ext4): destination with the same identifier (name{figure.14}
) has been already used, duplicate ignored
<argument> ...shipout:D \box_use:N \l_shipout_box 
                                                  \__shipout_drop_firstpage_...
l.545 \newpage
               <y:/Offshore/Assessment/2021/Presentations/Survey_summary/test_f
igures/GBb/abundance_ts.png>]
<Y:/Offshore/Assessment/2021/Presentations/Survey_summary/test_figures/GBb/biom
ass_ts.png, id=225, 614.295pt x 794.97pt>
File: Y:/Offshore/Assessment/2021/Presentations/Survey_summary/test_figures/GBb
/biomass_ts.png Graphic file (type png)
<use Y:/Offshore/Assessment/2021/Presentations/Survey_summary/test_figures/GBb/
biomass_ts.png>
Package pdftex.def Info: Y:/Offshore/Assessment/2021/Presentations/Survey_summa
ry/test_figures/GBb/biomass_ts.png  used on input line 549.
(pdftex.def)             Requested size: 422.77669pt x 547.12279pt.
[22pdfTeX warning (ext4): destination with the same identifier (name{figure.15}
) has been already used, duplicate ignored
<argument> ...shipout:D \box_use:N \l_shipout_box 
                                                  \__shipout_drop_firstpage_...
l.557 \newpage
               <y:/Offshore/Assessment/2021/Presentations/Survey_summary/test_f
igures/GBb/biomass_ts.png>]
<Y:/Offshore/Assessment/2021/Presentations/Survey_summary/test_figures/GBb/SHF.
png, id=233, 614.295pt x 794.97pt>
File: Y:/Offshore/Assessment/2021/Presentations/Survey_summary/test_figures/GBb
/SHF.png Graphic file (type png)
<use Y:/Offshore/Assessment/2021/Presentations/Survey_summary/test_figures/GBb/
SHF.png>
Package pdftex.def Info: Y:/Offshore/Assessment/2021/Presentations/Survey_summa
ry/test_figures/GBb/SHF.png  used on input line 566.
(pdftex.def)             Requested size: 399.29639pt x 516.73651pt.
[23pdfTeX warning (ext4): destination with the same identifier (name{figure.16}
) has been already used, duplicate ignored
<argument> ...shipout:D \box_use:N \l_shipout_box 
                                                  \__shipout_drop_firstpage_...
l.574 \newpage
               <y:/Offshore/Assessment/2021/Presentations/Survey_summary/test_f
igures/GBb/SHF.png>]
<Y:/Offshore/Assessment/2021/Presentations/Survey_summary/test_figures/GBb/MWSH
_and_CF_ts.png, id=242, 614.295pt x 939.51pt>
File: Y:/Offshore/Assessment/2021/Presentations/Survey_summary/test_figures/GBb
/MWSH_and_CF_ts.png Graphic file (type png)
<use Y:/Offshore/Assessment/2021/Presentations/Survey_summary/test_figures/GBb/
MWSH_and_CF_ts.png>
Package pdftex.def Info: Y:/Offshore/Assessment/2021/Presentations/Survey_summa
ry/test_figures/GBb/MWSH_and_CF_ts.png  used on input line 583.
(pdftex.def)             Requested size: 297.689pt x 455.28908pt.
[24pdfTeX warning (ext4): destination with the same identifier (name{figure.17}
) has been already used, duplicate ignored
<argument> ...shipout:D \box_use:N \l_shipout_box 
                                                  \__shipout_drop_firstpage_...
l.591 \newpage
               <y:/Offshore/Assessment/2021/Presentations/Survey_summary/test_f
igures/GBb/MWSH_and_CF_ts.png>]
<Y:/Offshore/Assessment/2021/Presentations/Survey_summary/test_figures/GBb/PR-s
patial.png, id=251, 794.97pt x 614.295pt>
File: Y:/Offshore/Assessment/2021/Presentations/Survey_summary/test_figures/GBb
/PR-spatial.png Graphic file (type png)
<use Y:/Offshore/Assessment/2021/Presentations/Survey_summary/test_figures/GBb/
PR-spatial.png>
Package pdftex.def Info: Y:/Offshore/Assessment/2021/Presentations/Survey_summa
ry/test_figures/GBb/PR-spatial.png  used on input line 617.
(pdftex.def)             Requested size: 469.76819pt x 363.00267pt.
[25pdfTeX warning (ext4): destination with the same identifier (name{table.8}) 
has been already used, duplicate ignored
<argument> ...shipout:D \box_use:N \l_shipout_box 
                                                  \__shipout_drop_firstpage_...
l.625 \newpage
              pdfTeX warning (ext4): destination with the same identifier (name
{figure.18}) has been already used, duplicate ignored
<argument> ...shipout:D \box_use:N \l_shipout_box 
                                                  \__shipout_drop_firstpage_...
l.625 \newpage
               <y:/Offshore/Assessment/2021/Presentations/Survey_summary/test_f
igures/GBb/PR-spatial.png>]
<Y:/Offshore/Assessment/2021/Presentations/Survey_summary/test_figures/GBb/Rec-
spatial.png, id=262, 794.97pt x 614.295pt>
File: Y:/Offshore/Assessment/2021/Presentations/Survey_summary/test_figures/GBb
/Rec-spatial.png Graphic file (type png)
<use Y:/Offshore/Assessment/2021/Presentations/Survey_summary/test_figures/GBb/
Rec-spatial.png>
Package pdftex.def Info: Y:/Offshore/Assessment/2021/Presentations/Survey_summa
ry/test_figures/GBb/Rec-spatial.png  used on input line 629.
(pdftex.def)             Requested size: 469.76819pt x 363.00267pt.
[26pdfTeX warning (ext4): destination with the same identifier (name{figure.19}
) has been already used, duplicate ignored
<argument> ...shipout:D \box_use:N \l_shipout_box 
                                                  \__shipout_drop_firstpage_...
l.637 \newpage
               <y:/Offshore/Assessment/2021/Presentations/Survey_summary/test_f
igures/GBb/Rec-spatial.png>]
<Y:/Offshore/Assessment/2021/Presentations/Survey_summary/test_figures/GBb/FR-s
patial.png, id=270, 794.97pt x 614.295pt>
File: Y:/Offshore/Assessment/2021/Presentations/Survey_summary/test_figures/GBb
/FR-spatial.png Graphic file (type png)
<use Y:/Offshore/Assessment/2021/Presentations/Survey_summary/test_figures/GBb/
FR-spatial.png>
Package pdftex.def Info: Y:/Offshore/Assessment/2021/Presentations/Survey_summa
ry/test_figures/GBb/FR-spatial.png  used on input line 641.
(pdftex.def)             Requested size: 469.76819pt x 363.00267pt.
[27pdfTeX warning (ext4): destination with the same identifier (name{figure.20}
) has been already used, duplicate ignored
<argument> ...shipout:D \box_use:N \l_shipout_box 
                                                  \__shipout_drop_firstpage_...
l.649 \newpage
               <y:/Offshore/Assessment/2021/Presentations/Survey_summary/test_f
igures/GBb/FR-spatial.png>]
<Y:/Offshore/Assessment/2021/Presentations/Survey_summary/test_figures/GBb/CF-s
patial.png, id=278, 794.97pt x 614.295pt>
File: Y:/Offshore/Assessment/2021/Presentations/Survey_summary/test_figures/GBb
/CF-spatial.png Graphic file (type png)
<use Y:/Offshore/Assessment/2021/Presentations/Survey_summary/test_figures/GBb/
CF-spatial.png>
Package pdftex.def Info: Y:/Offshore/Assessment/2021/Presentations/Survey_summa
ry/test_figures/GBb/CF-spatial.png  used on input line 671.
(pdftex.def)             Requested size: 469.76819pt x 363.00267pt.
[28pdfTeX warning (ext4): destination with the same identifier (name{table.9}) 
has been already used, duplicate ignored
<argument> ...shipout:D \box_use:N \l_shipout_box 
                                                  \__shipout_drop_firstpage_...
l.679 \newpage
              pdfTeX warning (ext4): destination with the same identifier (name
{figure.21}) has been already used, duplicate ignored
<argument> ...shipout:D \box_use:N \l_shipout_box 
                                                  \__shipout_drop_firstpage_...
l.679 \newpage
               <y:/Offshore/Assessment/2021/Presentations/Survey_summary/test_f
igures/GBb/CF-spatial.png>]
<Y:/Offshore/Assessment/2021/Presentations/Survey_summary/test_figures/GBb/MC-s
patial.png, id=287, 794.97pt x 614.295pt>
File: Y:/Offshore/Assessment/2021/Presentations/Survey_summary/test_figures/GBb
/MC-spatial.png Graphic file (type png)
<use Y:/Offshore/Assessment/2021/Presentations/Survey_summary/test_figures/GBb/
MC-spatial.png>
Package pdftex.def Info: Y:/Offshore/Assessment/2021/Presentations/Survey_summa
ry/test_figures/GBb/MC-spatial.png  used on input line 683.
(pdftex.def)             Requested size: 469.76819pt x 363.00267pt.
[29pdfTeX warning (ext4): destination with the same identifier (name{figure.22}
) has been already used, duplicate ignored
<argument> ...shipout:D \box_use:N \l_shipout_box 
                                                  \__shipout_drop_firstpage_...
l.691 \newpage
               <y:/Offshore/Assessment/2021/Presentations/Survey_summary/test_f
igures/GBb/MC-spatial.png>]
<Y:/Offshore/Assessment/2021/Presentations/Survey_summary/test_figures/GBb/Clap
per_per_ts.png, id=295, 614.295pt x 794.97pt>
File: Y:/Offshore/Assessment/2021/Presentations/Survey_summary/test_figures/GBb
/Clapper_per_ts.png Graphic file (type png)
<use Y:/Offshore/Assessment/2021/Presentations/Survey_summary/test_figures/GBb/
Clapper_per_ts.png>
Package pdftex.def Info: Y:/Offshore/Assessment/2021/Presentations/Survey_summa
ry/test_figures/GBb/Clapper_per_ts.png  used on input line 715.
(pdftex.def)             Requested size: 422.77669pt x 547.12279pt.
[30pdfTeX warning (ext4): destination with the same identifier (name{table.10})
 has been already used, duplicate ignored
<argument> ...shipout:D \box_use:N \l_shipout_box 
                                                  \__shipout_drop_firstpage_...
l.721 
      ] [31pdfTeX warning (ext4): destination with the same identifier (name{fi
gure.23}) has been already used, duplicate ignored
<argument> ...shipout:D \box_use:N \l_shipout_box 
                                                  \__shipout_drop_firstpage_...
l.723 \newpage
               <y:/Offshore/Assessment/2021/Presentations/Survey_summary/test_f
igures/GBb/Clapper_per_ts.png>]
<Y:/Offshore/Assessment/2021/Presentations/Survey_summary/test_figures/GBb/brea
kdown-2021.png, id=311, 614.295pt x 794.97pt>
File: Y:/Offshore/Assessment/2021/Presentations/Survey_summary/test_figures/GBb
/breakdown-2021.png Graphic file (type png)
<use Y:/Offshore/Assessment/2021/Presentations/Survey_summary/test_figures/GBb/
breakdown-2021.png>
Package pdftex.def Info: Y:/Offshore/Assessment/2021/Presentations/Survey_summa
ry/test_figures/GBb/breakdown-2021.png  used on input line 732.
(pdftex.def)             Requested size: 352.31703pt x 455.9397pt.
[32pdfTeX warning (ext4): destination with the same identifier (name{figure.24}
) has been already used, duplicate ignored
<argument> ...shipout:D \box_use:N \l_shipout_box 
                                                  \__shipout_drop_firstpage_...
l.741 \end{document}
                     <y:/Offshore/Assessment/2021/Presentations/Survey_summary/
test_figures/GBb/breakdown-2021.png>] (./output2.aux)

LaTeX Warning: There were multiply-defined labels.

Package rerunfilecheck Info: File `output2.out' has not changed.
(rerunfilecheck)             Checksum: 45993C1415A8B1928FBC19C6C7617F8B;379.
 ) 
Here is how much of TeX's memory you used:
 11397 strings out of 480559
 186185 string characters out of 5901613
 485456 words of memory out of 5000000
 28693 multiletter control sequences out of 15000+600000
 452105 words of font info for 67 fonts, out of 8000000 for 9000
 14 hyphenation exceptions out of 8191
 60i,11n,66p,633b,332s stack positions out of 5000i,500n,10000p,200000b,80000s
pdfTeX warning (dest): name{toc} has been referenced but does not exist, repl
aced by a fixed one

{c:/Users/keyserf/AppData/Roaming/TinyTeX/texmf-dist/fonts/enc/dvips/lm/lm-math
sy.enc}{c:/Users/keyserf/AppData/Roaming/TinyTeX/texmf-dist/fonts/enc/dvips/lm/
lm-ts1.enc}{c:/Users/keyserf/AppData/Roaming/TinyTeX/texmf-dist/fonts/enc/dvips
/lm/lm-ec.enc}<c:/Users/keyserf/AppData/Roaming/TinyTeX/texmf-dist/fonts/type1/
public/lm/lmbx10.pfb><c:/Users/keyserf/AppData/Roaming/TinyTeX/texmf-dist/fonts
/type1/public/lm/lmbx12.pfb><c:/Users/keyserf/AppData/Roaming/TinyTeX/texmf-dis
t/fonts/type1/public/lm/lmr10.pfb><c:/Users/keyserf/AppData/Roaming/TinyTeX/tex
mf-dist/fonts/type1/public/lm/lmr12.pfb><c:/Users/keyserf/AppData/Roaming/TinyT
eX/texmf-dist/fonts/type1/public/lm/lmr17.pfb><c:/Users/keyserf/AppData/Roaming
/TinyTeX/texmf-dist/fonts/type1/public/lm/lmro10.pfb><c:/Users/keyserf/AppData/
Roaming/TinyTeX/texmf-dist/fonts/type1/public/lm/lmsy10.pfb>
Output written on output2.pdf (32 pages, 8934254 bytes).
PDF statistics:
 380 PDF objects out of 1000 (max. 8388607)
 280 compressed objects within 3 object streams
 103 named destinations out of 1000 (max. 500000)
 145 words of extra memory for PDF output out of 10000 (max. 10000000)

